<?xml version="1.0" encoding="UTF-8"?>
<coverage generated="1626794032375" clover="3.2.0">
  <project timestamp="1626794032376" name="All files">
    <metrics statements="26" coveredstatements="13" conditionals="14" coveredconditionals="4" methods="8" coveredmethods="3" elements="48" coveredelements="20" complexity="0" loc="26" ncloc="26" packages="1" files="2" classes="2"/>
    <file name="AddTransaction.jsx" path="C:\Users\DANIEL\Documents\programming things\WebDev\expensetrackerApp\client\src\components\AddTransaction.jsx">
      <metrics statements="24" coveredstatements="11" conditionals="14" coveredconditionals="4" methods="7" coveredmethods="2"/>
      <line num="4" count="1" type="stmt"/>
      <line num="6" count="1" type="stmt"/>
      <line num="7" count="1" type="stmt"/>
      <line num="8" count="1" type="stmt"/>
      <line num="9" count="1" type="stmt"/>
      <line num="10" count="1" type="stmt"/>
      <line num="12" count="1" type="stmt"/>
      <line num="13" count="1" type="stmt"/>
      <line num="14" count="0" type="stmt"/>
      <line num="17" count="1" type="cond" truecount="1" falsecount="1"/>
      <line num="18" count="0" type="stmt"/>
      <line num="19" count="0" type="stmt"/>
      <line num="20" count="0" type="stmt"/>
      <line num="25" count="1" type="stmt"/>
      <line num="26" count="0" type="stmt"/>
      <line num="27" count="0" type="stmt"/>
      <line num="32" count="0" type="cond" truecount="0" falsecount="4"/>
      <line num="34" count="0" type="stmt"/>
      <line num="35" count="0" type="stmt"/>
      <line num="36" count="0" type="stmt"/>
      <line num="37" count="0" type="stmt"/>
      <line num="40" count="1" type="stmt"/>
      <line num="58" count="0" type="stmt"/>
      <line num="69" count="0" type="stmt"/>
    </file>
    <file name="Header.jsx" path="C:\Users\DANIEL\Documents\programming things\WebDev\expensetrackerApp\client\src\components\Header.jsx">
      <metrics statements="2" coveredstatements="2" conditionals="0" coveredconditionals="0" methods="1" coveredmethods="1"/>
      <line num="3" count="1" type="stmt"/>
      <line num="4" count="1" type="stmt"/>
    </file>
  </project>
</coverage>
