<?xml version="1.0" encoding="UTF-8"?>
<coverage generated="1630019961991" clover="3.2.0">
  <project timestamp="1630019961992" name="All files">
    <metrics statements="44" coveredstatements="27" conditionals="18" coveredconditionals="6" methods="15" coveredmethods="6" elements="77" coveredelements="39" complexity="0" loc="44" ncloc="44" packages="2" files="3" classes="3"/>
    <package name="components">
      <metrics statements="31" coveredstatements="18" conditionals="18" coveredconditionals="6" methods="10" coveredmethods="5"/>
      <file name="AddTransaction.jsx" path="C:\Users\DANIEL\Documents\programming things\WebDev\expensetrackerApp\client\src\components\AddTransaction.jsx">
        <metrics statements="24" coveredstatements="13" conditionals="14" coveredconditionals="4" methods="7" coveredmethods="4"/>
        <line num="4" count="1" type="stmt"/>
        <line num="6" count="7" type="stmt"/>
        <line num="7" count="7" type="stmt"/>
        <line num="8" count="7" type="stmt"/>
        <line num="9" count="7" type="stmt"/>
        <line num="10" count="7" type="stmt"/>
        <line num="12" count="7" type="stmt"/>
        <line num="13" count="4" type="stmt"/>
        <line num="14" count="0" type="stmt"/>
        <line num="17" count="4" type="cond" truecount="1" falsecount="1"/>
        <line num="18" count="0" type="stmt"/>
        <line num="19" count="0" type="stmt"/>
        <line num="20" count="0" type="stmt"/>
        <line num="25" count="7" type="stmt"/>
        <line num="26" count="0" type="stmt"/>
        <line num="27" count="0" type="stmt"/>
        <line num="32" count="0" type="cond" truecount="0" falsecount="4"/>
        <line num="34" count="0" type="stmt"/>
        <line num="35" count="0" type="stmt"/>
        <line num="36" count="0" type="stmt"/>
        <line num="37" count="0" type="stmt"/>
        <line num="40" count="7" type="stmt"/>
        <line num="58" count="1" type="stmt"/>
        <line num="69" count="2" type="stmt"/>
      </file>
      <file name="Transaction.jsx" path="C:\Users\DANIEL\Documents\programming things\WebDev\expensetrackerApp\client\src\components\Transaction.jsx">
        <metrics statements="7" coveredstatements="5" conditionals="4" coveredconditionals="2" methods="3" coveredmethods="1"/>
        <line num="5" count="1" type="stmt"/>
        <line num="6" count="2" type="stmt"/>
        <line num="7" count="2" type="cond" truecount="1" falsecount="1"/>
        <line num="8" count="2" type="cond" truecount="1" falsecount="1"/>
        <line num="10" count="2" type="stmt"/>
        <line num="12" count="0" type="stmt"/>
        <line num="22" count="0" type="stmt"/>
      </file>
    </package>
    <package name="context">
      <metrics statements="13" coveredstatements="9" conditionals="0" coveredconditionals="0" methods="5" coveredmethods="1"/>
      <file name="GlobalState.js" path="C:\Users\DANIEL\Documents\programming things\WebDev\expensetrackerApp\client\src\context\GlobalState.js">
        <metrics statements="13" coveredstatements="9" conditionals="0" coveredconditionals="0" methods="5" coveredmethods="1"/>
        <line num="11" count="2" type="stmt"/>
        <line num="19" count="2" type="stmt"/>
        <line num="22" count="2" type="stmt"/>
        <line num="23" count="2" type="stmt"/>
        <line num="24" count="2" type="stmt"/>
        <line num="25" count="0" type="stmt"/>
        <line num="28" count="2" type="stmt"/>
        <line num="29" count="0" type="stmt"/>
        <line num="32" count="2" type="stmt"/>
        <line num="33" count="0" type="stmt"/>
        <line num="36" count="2" type="stmt"/>
        <line num="37" count="0" type="stmt"/>
        <line num="40" count="2" type="stmt"/>
      </file>
    </package>
  </project>
</coverage>
