{"C:\\Users\\DANIEL\\Documents\\programming things\\WebDev\\expensetrackerApp\\client\\src\\components\\AddTransaction.jsx": {"path":"C:\\Users\\DANIEL\\Documents\\programming things\\WebDev\\expensetrackerApp\\client\\src\\components\\AddTransaction.jsx","statementMap":{"0":{"start":{"line":4,"column":23},"end":{"line":85,"column":1}},"1":{"start":{"line":6,"column":4},"end":{"line":6,"column":29}},"2":{"start":{"line":7,"column":27},"end":{"line":7,"column":52}},"3":{"start":{"line":8,"column":26},"end":{"line":8,"column":38}},"4":{"start":{"line":9,"column":30},"end":{"line":9,"column":41}},"5":{"start":{"line":10,"column":28},"end":{"line":10,"column":43}},"6":{"start":{"line":12,"column":2},"end":{"line":22,"column":48}},"7":{"start":{"line":13,"column":24},"end":{"line":15,"column":5}},"8":{"start":{"line":14,"column":23},"end":{"line":14,"column":49}},"9":{"start":{"line":17,"column":4},"end":{"line":21,"column":5}},"10":{"start":{"line":18,"column":6},"end":{"line":18,"column":32}},"11":{"start":{"line":19,"column":6},"end":{"line":19,"column":36}},"12":{"start":{"line":20,"column":6},"end":{"line":20,"column":32}},"13":{"start":{"line":25,"column":19},"end":{"line":38,"column":3}},"14":{"start":{"line":26,"column":4},"end":{"line":26,"column":23}},"15":{"start":{"line":27,"column":27},"end":{"line":31,"column":5}},"16":{"start":{"line":32,"column":4},"end":{"line":32,"column":69}},"17":{"start":{"line":34,"column":4},"end":{"line":34,"column":44}},"18":{"start":{"line":34,"column":21},"end":{"line":34,"column":36}},"19":{"start":{"line":35,"column":4},"end":{"line":35,"column":23}},"20":{"start":{"line":36,"column":4},"end":{"line":36,"column":17}},"21":{"start":{"line":37,"column":4},"end":{"line":37,"column":16}},"22":{"start":{"line":40,"column":2},"end":{"line":84,"column":4}},"23":{"start":{"line":58,"column":31},"end":{"line":58,"column":54}},"24":{"start":{"line":69,"column":31},"end":{"line":69,"column":56}}},"fnMap":{"0":{"name":"(anonymous_0)","decl":{"start":{"line":4,"column":23},"end":{"line":4,"column":24}},"loc":{"start":{"line":4,"column":29},"end":{"line":85,"column":1}},"line":4},"1":{"name":"(anonymous_1)","decl":{"start":{"line":12,"column":12},"end":{"line":12,"column":13}},"loc":{"start":{"line":12,"column":18},"end":{"line":22,"column":3}},"line":12},"2":{"name":"(anonymous_2)","decl":{"start":{"line":14,"column":6},"end":{"line":14,"column":7}},"loc":{"start":{"line":14,"column":23},"end":{"line":14,"column":49}},"line":14},"3":{"name":"(anonymous_3)","decl":{"start":{"line":25,"column":19},"end":{"line":25,"column":20}},"loc":{"start":{"line":25,"column":26},"end":{"line":38,"column":3}},"line":25},"4":{"name":"(anonymous_4)","decl":{"start":{"line":34,"column":15},"end":{"line":34,"column":16}},"loc":{"start":{"line":34,"column":21},"end":{"line":34,"column":36}},"line":34},"5":{"name":"(anonymous_5)","decl":{"start":{"line":58,"column":24},"end":{"line":58,"column":25}},"loc":{"start":{"line":58,"column":31},"end":{"line":58,"column":54}},"line":58},"6":{"name":"(anonymous_6)","decl":{"start":{"line":69,"column":24},"end":{"line":69,"column":25}},"loc":{"start":{"line":69,"column":31},"end":{"line":69,"column":56}},"line":69}},"branchMap":{"0":{"loc":{"start":{"line":17,"column":4},"end":{"line":21,"column":5}},"type":"if","locations":[{"start":{"line":17,"column":4},"end":{"line":21,"column":5}},{"start":{"line":17,"column":4},"end":{"line":21,"column":5}}],"line":17},"1":{"loc":{"start":{"line":28,"column":10},"end":{"line":28,"column":63}},"type":"cond-expr","locations":[{"start":{"line":28,"column":19},"end":{"line":28,"column":25}},{"start":{"line":28,"column":28},"end":{"line":28,"column":63}}],"line":28},"2":{"loc":{"start":{"line":32,"column":4},"end":{"line":32,"column":68}},"type":"cond-expr","locations":[{"start":{"line":32,"column":21},"end":{"line":32,"column":51}},{"start":{"line":32,"column":54},"end":{"line":32,"column":68}}],"line":32},"3":{"loc":{"start":{"line":32,"column":4},"end":{"line":32,"column":18}},"type":"binary-expr","locations":[{"start":{"line":32,"column":4},"end":{"line":32,"column":8}},{"start":{"line":32,"column":12},"end":{"line":32,"column":18}}],"line":32},"4":{"loc":{"start":{"line":43,"column":9},"end":{"line":43,"column":74}},"type":"cond-expr","locations":[{"start":{"line":43,"column":18},"end":{"line":43,"column":43}},{"start":{"line":43,"column":46},"end":{"line":43,"column":74}}],"line":43},"5":{"loc":{"start":{"line":47,"column":33},"end":{"line":47,"column":58}},"type":"cond-expr","locations":[{"start":{"line":47,"column":42},"end":{"line":47,"column":48}},{"start":{"line":47,"column":51},"end":{"line":47,"column":58}}],"line":47},"6":{"loc":{"start":{"line":76,"column":11},"end":{"line":80,"column":11}},"type":"cond-expr","locations":[{"start":{"line":77,"column":12},"end":{"line":77,"column":68}},{"start":{"line":79,"column":12},"end":{"line":79,"column":60}}],"line":76}},"s":{"0":1,"1":1,"2":1,"3":1,"4":1,"5":1,"6":1,"7":1,"8":0,"9":1,"10":0,"11":0,"12":0,"13":1,"14":0,"15":0,"16":0,"17":0,"18":0,"19":0,"20":0,"21":0,"22":1,"23":0,"24":0},"f":{"0":1,"1":1,"2":0,"3":0,"4":0,"5":0,"6":0},"b":{"0":[0,1],"1":[0,0],"2":[0,0],"3":[0,0],"4":[0,1],"5":[1,0],"6":[0,1]},"_coverageSchema":"1a1c01bbd47fc00a2c39e90264f33305004495a9","hash":"7f812d83fcee3076ed39b080a169d4a7295917fe"}
,"C:\\Users\\DANIEL\\Documents\\programming things\\WebDev\\expensetrackerApp\\client\\src\\components\\Header.jsx": {"path":"C:\\Users\\DANIEL\\Documents\\programming things\\WebDev\\expensetrackerApp\\client\\src\\components\\Header.jsx","statementMap":{"0":{"start":{"line":3,"column":15},"end":{"line":9,"column":1}},"1":{"start":{"line":4,"column":2},"end":{"line":8,"column":4}}},"fnMap":{"0":{"name":"(anonymous_0)","decl":{"start":{"line":3,"column":15},"end":{"line":3,"column":16}},"loc":{"start":{"line":3,"column":21},"end":{"line":9,"column":1}},"line":3}},"branchMap":{},"s":{"0":1,"1":1},"f":{"0":1},"b":{},"_coverageSchema":"1a1c01bbd47fc00a2c39e90264f33305004495a9","hash":"08e81ed4779b8d7f3dd971b024f8e7a8c2c3569c"}
}
