{"C:\\Users\\DANIEL\\Documents\\programming things\\WebDev\\expensetrackerApp\\client\\src\\components\\AddTransaction.jsx": {"path":"C:\\Users\\DANIEL\\Documents\\programming things\\WebDev\\expensetrackerApp\\client\\src\\components\\AddTransaction.jsx","statementMap":{"0":{"start":{"line":4,"column":23},"end":{"line":85,"column":1}},"1":{"start":{"line":6,"column":4},"end":{"line":6,"column":29}},"2":{"start":{"line":7,"column":27},"end":{"line":7,"column":52}},"3":{"start":{"line":8,"column":26},"end":{"line":8,"column":38}},"4":{"start":{"line":9,"column":30},"end":{"line":9,"column":41}},"5":{"start":{"line":10,"column":28},"end":{"line":10,"column":43}},"6":{"start":{"line":12,"column":2},"end":{"line":22,"column":48}},"7":{"start":{"line":13,"column":24},"end":{"line":15,"column":5}},"8":{"start":{"line":14,"column":23},"end":{"line":14,"column":49}},"9":{"start":{"line":17,"column":4},"end":{"line":21,"column":5}},"10":{"start":{"line":18,"column":6},"end":{"line":18,"column":32}},"11":{"start":{"line":19,"column":6},"end":{"line":19,"column":36}},"12":{"start":{"line":20,"column":6},"end":{"line":20,"column":32}},"13":{"start":{"line":25,"column":19},"end":{"line":38,"column":3}},"14":{"start":{"line":26,"column":4},"end":{"line":26,"column":23}},"15":{"start":{"line":27,"column":27},"end":{"line":31,"column":5}},"16":{"start":{"line":32,"column":4},"end":{"line":32,"column":69}},"17":{"start":{"line":34,"column":4},"end":{"line":34,"column":44}},"18":{"start":{"line":34,"column":21},"end":{"line":34,"column":36}},"19":{"start":{"line":35,"column":4},"end":{"line":35,"column":23}},"20":{"start":{"line":36,"column":4},"end":{"line":36,"column":17}},"21":{"start":{"line":37,"column":4},"end":{"line":37,"column":16}},"22":{"start":{"line":40,"column":2},"end":{"line":84,"column":4}},"23":{"start":{"line":58,"column":31},"end":{"line":58,"column":54}},"24":{"start":{"line":69,"column":31},"end":{"line":69,"column":56}}},"fnMap":{"0":{"name":"(anonymous_0)","decl":{"start":{"line":4,"column":23},"end":{"line":4,"column":24}},"loc":{"start":{"line":4,"column":29},"end":{"line":85,"column":1}},"line":4},"1":{"name":"(anonymous_1)","decl":{"start":{"line":12,"column":12},"end":{"line":12,"column":13}},"loc":{"start":{"line":12,"column":18},"end":{"line":22,"column":3}},"line":12},"2":{"name":"(anonymous_2)","decl":{"start":{"line":14,"column":6},"end":{"line":14,"column":7}},"loc":{"start":{"line":14,"column":23},"end":{"line":14,"column":49}},"line":14},"3":{"name":"(anonymous_3)","decl":{"start":{"line":25,"column":19},"end":{"line":25,"column":20}},"loc":{"start":{"line":25,"column":26},"end":{"line":38,"column":3}},"line":25},"4":{"name":"(anonymous_4)","decl":{"start":{"line":34,"column":15},"end":{"line":34,"column":16}},"loc":{"start":{"line":34,"column":21},"end":{"line":34,"column":36}},"line":34},"5":{"name":"(anonymous_5)","decl":{"start":{"line":58,"column":24},"end":{"line":58,"column":25}},"loc":{"start":{"line":58,"column":31},"end":{"line":58,"column":54}},"line":58},"6":{"name":"(anonymous_6)","decl":{"start":{"line":69,"column":24},"end":{"line":69,"column":25}},"loc":{"start":{"line":69,"column":31},"end":{"line":69,"column":56}},"line":69}},"branchMap":{"0":{"loc":{"start":{"line":17,"column":4},"end":{"line":21,"column":5}},"type":"if","locations":[{"start":{"line":17,"column":4},"end":{"line":21,"column":5}},{"start":{"line":17,"column":4},"end":{"line":21,"column":5}}],"line":17},"1":{"loc":{"start":{"line":28,"column":10},"end":{"line":28,"column":63}},"type":"cond-expr","locations":[{"start":{"line":28,"column":19},"end":{"line":28,"column":25}},{"start":{"line":28,"column":28},"end":{"line":28,"column":63}}],"line":28},"2":{"loc":{"start":{"line":32,"column":4},"end":{"line":32,"column":68}},"type":"cond-expr","locations":[{"start":{"line":32,"column":21},"end":{"line":32,"column":51}},{"start":{"line":32,"column":54},"end":{"line":32,"column":68}}],"line":32},"3":{"loc":{"start":{"line":32,"column":4},"end":{"line":32,"column":18}},"type":"binary-expr","locations":[{"start":{"line":32,"column":4},"end":{"line":32,"column":8}},{"start":{"line":32,"column":12},"end":{"line":32,"column":18}}],"line":32},"4":{"loc":{"start":{"line":43,"column":9},"end":{"line":43,"column":74}},"type":"cond-expr","locations":[{"start":{"line":43,"column":18},"end":{"line":43,"column":43}},{"start":{"line":43,"column":46},"end":{"line":43,"column":74}}],"line":43},"5":{"loc":{"start":{"line":47,"column":33},"end":{"line":47,"column":58}},"type":"cond-expr","locations":[{"start":{"line":47,"column":42},"end":{"line":47,"column":48}},{"start":{"line":47,"column":51},"end":{"line":47,"column":58}}],"line":47},"6":{"loc":{"start":{"line":76,"column":11},"end":{"line":80,"column":11}},"type":"cond-expr","locations":[{"start":{"line":77,"column":12},"end":{"line":77,"column":68}},{"start":{"line":79,"column":12},"end":{"line":79,"column":60}}],"line":76}},"s":{"0":1,"1":7,"2":7,"3":7,"4":7,"5":7,"6":7,"7":4,"8":0,"9":4,"10":0,"11":0,"12":0,"13":7,"14":0,"15":0,"16":0,"17":0,"18":0,"19":0,"20":0,"21":0,"22":7,"23":1,"24":2},"f":{"0":7,"1":4,"2":0,"3":0,"4":0,"5":1,"6":2},"b":{"0":[0,4],"1":[0,0],"2":[0,0],"3":[0,0],"4":[0,7],"5":[7,0],"6":[0,7]},"_coverageSchema":"1a1c01bbd47fc00a2c39e90264f33305004495a9","hash":"7f812d83fcee3076ed39b080a169d4a7295917fe"}
,"C:\\Users\\DANIEL\\Documents\\programming things\\WebDev\\expensetrackerApp\\client\\src\\components\\Transaction.jsx": {"path":"C:\\Users\\DANIEL\\Documents\\programming things\\WebDev\\expensetrackerApp\\client\\src\\components\\Transaction.jsx","statementMap":{"0":{"start":{"line":5,"column":20},"end":{"line":28,"column":1}},"1":{"start":{"line":6,"column":49},"end":{"line":6,"column":74}},"2":{"start":{"line":7,"column":15},"end":{"line":7,"column":36}},"3":{"start":{"line":8,"column":25},"end":{"line":8,"column":54}},"4":{"start":{"line":10,"column":2},"end":{"line":27,"column":4}},"5":{"start":{"line":12,"column":50},"end":{"line":12,"column":70}},"6":{"start":{"line":22,"column":23},"end":{"line":22,"column":45}}},"fnMap":{"0":{"name":"(anonymous_0)","decl":{"start":{"line":5,"column":20},"end":{"line":5,"column":21}},"loc":{"start":{"line":5,"column":64},"end":{"line":28,"column":1}},"line":5},"1":{"name":"(anonymous_1)","decl":{"start":{"line":12,"column":44},"end":{"line":12,"column":45}},"loc":{"start":{"line":12,"column":50},"end":{"line":12,"column":70}},"line":12},"2":{"name":"(anonymous_2)","decl":{"start":{"line":22,"column":17},"end":{"line":22,"column":18}},"loc":{"start":{"line":22,"column":23},"end":{"line":22,"column":45}},"line":22}},"branchMap":{"0":{"loc":{"start":{"line":7,"column":15},"end":{"line":7,"column":36}},"type":"cond-expr","locations":[{"start":{"line":7,"column":28},"end":{"line":7,"column":31}},{"start":{"line":7,"column":34},"end":{"line":7,"column":36}}],"line":7},"1":{"loc":{"start":{"line":8,"column":25},"end":{"line":8,"column":54}},"type":"cond-expr","locations":[{"start":{"line":8,"column":38},"end":{"line":8,"column":45}},{"start":{"line":8,"column":48},"end":{"line":8,"column":54}}],"line":8}},"s":{"0":1,"1":2,"2":2,"3":2,"4":2,"5":0,"6":0},"f":{"0":2,"1":0,"2":0},"b":{"0":[0,2],"1":[0,2]},"_coverageSchema":"1a1c01bbd47fc00a2c39e90264f33305004495a9","hash":"a323a3b817d8062388fa1c8bbb0407e0d7b9934e"}
,"C:\\Users\\DANIEL\\Documents\\programming things\\WebDev\\expensetrackerApp\\client\\src\\context\\GlobalState.js": {"path":"C:\\Users\\DANIEL\\Documents\\programming things\\WebDev\\expensetrackerApp\\client\\src\\context\\GlobalState.js","statementMap":{"0":{"start":{"line":11,"column":21},"end":{"line":16,"column":1}},"1":{"start":{"line":19,"column":29},"end":{"line":19,"column":56}},"2":{"start":{"line":22,"column":30},"end":{"line":55,"column":1}},"3":{"start":{"line":23,"column":28},"end":{"line":23,"column":64}},"4":{"start":{"line":24,"column":28},"end":{"line":26,"column":3}},"5":{"start":{"line":25,"column":4},"end":{"line":25,"column":48}},"6":{"start":{"line":28,"column":25},"end":{"line":30,"column":3}},"7":{"start":{"line":29,"column":4},"end":{"line":29,"column":54}},"8":{"start":{"line":32,"column":26},"end":{"line":34,"column":3}},"9":{"start":{"line":33,"column":4},"end":{"line":33,"column":46}},"10":{"start":{"line":36,"column":26},"end":{"line":38,"column":3}},"11":{"start":{"line":37,"column":4},"end":{"line":37,"column":44}},"12":{"start":{"line":40,"column":2},"end":{"line":54,"column":4}}},"fnMap":{"0":{"name":"(anonymous_0)","decl":{"start":{"line":22,"column":30},"end":{"line":22,"column":31}},"loc":{"start":{"line":22,"column":48},"end":{"line":55,"column":1}},"line":22},"1":{"name":"(anonymous_1)","decl":{"start":{"line":24,"column":28},"end":{"line":24,"column":29}},"loc":{"start":{"line":24,"column":42},"end":{"line":26,"column":3}},"line":24},"2":{"name":"(anonymous_2)","decl":{"start":{"line":28,"column":25},"end":{"line":28,"column":26}},"loc":{"start":{"line":28,"column":48},"end":{"line":30,"column":3}},"line":28},"3":{"name":"(anonymous_3)","decl":{"start":{"line":32,"column":26},"end":{"line":32,"column":27}},"loc":{"start":{"line":32,"column":40},"end":{"line":34,"column":3}},"line":32},"4":{"name":"(anonymous_4)","decl":{"start":{"line":36,"column":26},"end":{"line":36,"column":27}},"loc":{"start":{"line":36,"column":38},"end":{"line":38,"column":3}},"line":36}},"branchMap":{},"s":{"0":2,"1":2,"2":2,"3":2,"4":2,"5":0,"6":2,"7":0,"8":2,"9":0,"10":2,"11":0,"12":2},"f":{"0":2,"1":0,"2":0,"3":0,"4":0},"b":{},"_coverageSchema":"1a1c01bbd47fc00a2c39e90264f33305004495a9","hash":"e3c3ac7cd8e12cf33f01d380c832479ce7480fea"}
}
