TN:
SF:src\components\AddTransaction.jsx
FN:4,(anonymous_0)
FN:12,(anonymous_1)
FN:14,(anonymous_2)
FN:25,(anonymous_3)
FN:34,(anonymous_4)
FN:58,(anonymous_5)
FN:69,(anonymous_6)
FNF:7
FNH:4
FNDA:7,(anonymous_0)
FNDA:4,(anonymous_1)
FNDA:0,(anonymous_2)
FNDA:0,(anonymous_3)
FNDA:0,(anonymous_4)
FNDA:1,(anonymous_5)
FNDA:2,(anonymous_6)
DA:4,1
DA:6,7
DA:7,7
DA:8,7
DA:9,7
DA:10,7
DA:12,7
DA:13,4
DA:14,0
DA:17,4
DA:18,0
DA:19,0
DA:20,0
DA:25,7
DA:26,0
DA:27,0
DA:32,0
DA:34,0
DA:35,0
DA:36,0
DA:37,0
DA:40,7
DA:58,1
DA:69,2
LF:24
LH:13
BRDA:17,0,0,0
BRDA:17,0,1,4
BRDA:28,1,0,0
BRDA:28,1,1,0
BRDA:32,2,0,0
BRDA:32,2,1,0
BRDA:32,3,0,0
BRDA:32,3,1,0
BRDA:43,4,0,0
BRDA:43,4,1,7
BRDA:47,5,0,7
BRDA:47,5,1,0
BRDA:76,6,0,0
BRDA:76,6,1,7
BRF:14
BRH:4
end_of_record
TN:
SF:src\components\Transaction.jsx
FN:5,(anonymous_0)
FN:12,(anonymous_1)
FN:22,(anonymous_2)
FNF:3
FNH:1
FNDA:2,(anonymous_0)
FNDA:0,(anonymous_1)
FNDA:0,(anonymous_2)
DA:5,1
DA:6,2
DA:7,2
DA:8,2
DA:10,2
DA:12,0
DA:22,0
LF:7
LH:5
BRDA:7,0,0,0
BRDA:7,0,1,2
BRDA:8,1,0,0
BRDA:8,1,1,2
BRF:4
BRH:2
end_of_record
TN:
SF:src\context\GlobalState.js
FN:22,(anonymous_0)
FN:24,(anonymous_1)
FN:28,(anonymous_2)
FN:32,(anonymous_3)
FN:36,(anonymous_4)
FNF:5
FNH:1
FNDA:2,(anonymous_0)
FNDA:0,(anonymous_1)
FNDA:0,(anonymous_2)
FNDA:0,(anonymous_3)
FNDA:0,(anonymous_4)
DA:11,2
DA:19,2
DA:22,2
DA:23,2
DA:24,2
DA:25,0
DA:28,2
DA:29,0
DA:32,2
DA:33,0
DA:36,2
DA:37,0
DA:40,2
LF:13
LH:9
BRF:0
BRH:0
end_of_record
